102122.99  40 46 16.97770049392716 1 91 28 22.937803016737917 1 1371.5
102232.74  40 46 19.026485579933592 1 91 0 53.87087107510524 1 1382.5
102342.48  40 46 21.08549860043297 1 90 33 24.793951778964356 1 1393.5
102452.23  40 46 23.144623871007184 1 90 5 55.56665483538836 1 1404.5
102561.97  40 46 25.203107768086284 1 90 21 33.5001366245956 -1 1416.5
102671.71  40 46 27.25219189237805 1 90 49 2.7274381124789215 -1 1427.5
102781.46  40 46 29.311337081610986 1 91 16 31.804322646640912 -1 1438.5
102891.21  40 46 31.370022523864236 1 91 44 1.0215752928422717 -1 1449.5
103000.95  40 46 33.42897878354677 1 92 11 30.098472323734313 -1 1460.5
103110.69  40 46 35.48796714736625 1 92 38 59.325745119151634 -1 1472.5
103220.44  40 46 37.53680538251217 1 93 6 28.392751002430714 -1 1483.5
103330.17  40 46 39.59580618734947 1 93 33 57.46962277608645 -1 1494.5
103439.93000000001  40 46 41.65455333077489 1 94 1 26.696911154712097 -1 1505.5
103549.67  40 46 43.71367440072845 1 94 28 55.76374369108635 -1 1516.5
103659.42  40 46 45.76255181331646 1 94 56 24.990981502545537 -1 1527.5
103769.16  40 46 47.82149497087801 1 95 23 54.06792732594681 -1 1539.5
103878.90000000001  40 47 0.7649312911399875 1 95 51 23.706130737618878 -1 2074.5
103988.65000000001  40 46 51.939405502380396 1 96 18 52.36206770513377 -1 1561.5
104098.40000000001  40 46 53.9983080207827 1 96 46 21.589373904665763 -1 1572.5
104208.13  50 39 20.90301761057333 1 98 6 38.10937429479054 -1 3.21686955E7
104317.87  51 47 18.719506625366762 1 98 39 32.41134119708477 -1 3.20044215E7
104427.62  52 51 44.43873111190669 1 99 11 6.726079445561481 -1 3.18186995E7
104537.35  49 34 43.70299490474906 1 95 24 42.14403268571573 -1 3.27498555E7
104647.1  51 9 55.236330405907665 1 95 34 46.38536715267833 -1 3.22251365E7
2.147483647E7  89 59 59.999999751725 -1 12 54 44.17663721191815 1 2.1411162025E9
105305.54000000001  62 16 39.10372952057571 1 93 51 50.36102042701259 -1 2.85906295E7
2.147483647E7  90 0 0.0 -1 91 36 46.42343483098671 1 2.1411162025E9
105964.04000000001  78 18 9.514654684444395 1 100 16 57.33838577185338 1 3.66836355E7
106073.8  78 38 15.766810639776168 1 99 30 41.85327092340572 1 3.73082385E7
106183.58  83 7 51.911182431887255 1 112 37 11.585668025616087 1 4.48166235E7
106293.32  83 3 41.75557838154418 1 111 2 46.676992051480966 1 4.41597085E7
106403.06  82 59 42.181955553591024 1 109 28 45.25403966957356 1 4.35476055E7
106512.8  82 55 52.01659241487846 1 107 55 11.450460587963107 1 4.29747435E7
106622.55  82 45 28.663995890275373 1 105 34 35.48326881889693 1 4.21926895E7
106732.29000000001  82 42 35.15150258372614 1 104 7 17.54105739843112 1 4.17632515E7
106842.04000000001  82 39 43.96399300665962 1 102 40 13.125355208194378 1 4.13459615E7
106951.78  82 36 53.46031173186475 1 101 13 22.65659973581478 1 4.09371765E7
107061.53  82 34 1.8453976810781114 1 99 46 44.3612425334004 1 4.05332055E7
107171.27  82 31 7.373917325551247 1 98 20 17.71016138480377 1 4.01307535E7
107281.01000000001  82 28 8.124118306041055 1 96 54 2.0237226239180472 1 3.97264175E7
107390.77  82 49 29.46084681286493 1 95 23 20.112418091924837 1 4.47051505E7
107500.51000000001  82 48 49.79879645100141 1 93 58 27.800265000565787 1 4.45888985E7
107610.26000000001  82 47 52.674909104591734 1 92 33 46.619721918649475 1 4.44353905E7
107720.0  82 46 33.10449022349303 1 91 9 15.858573252334054 1 4.42352865E7
107829.75  82 44 46.52389773520781 1 90 15 7.221680642032879 -1 4.39805745E7
107939.49  82 42 29.200374345230102 1 91 39 23.727681423682725 -1 4.36655235E7
108049.24  82 39 38.51917083493163 1 93 3 36.84444293898082 -1 4.32872625E7
108158.98  82 36 13.433909168983291 1 94 27 48.16524450678685 -1 4.28466355E7
108268.72  82 32 14.647641396423978 1 95 52 0.8982091199345632 -1 4.23482955E7
108378.47  82 27 44.791362240151784 1 97 16 18.413871467483887 -1 4.18007095E7
108488.16  71 40 25.577003929447528 1 106 15 45.08409157705273 -1 1.44552555E7
108597.96  82 17 31.905799801227204 1 100 5 17.74726279876404 -1 4.06075915E7
108707.7  82 12 2.5810331376010254 1 101 30 5.093361126552054 -1 3.99914975E7
108817.45  82 6 28.553078389202255 1 102 55 7.9640057272911235 -1 3.93824965E7
108927.19  82 0 58.00098294187137 1 104 20 27.148539310167052 -1 3.87944845E7
109036.94  81 55 38.429752087296265 1 105 46 4.687149324868187 -1 3.82390245E7
2.147483647E7  89 59 59.99999990955075 -1 18 32 21.428209967234864 1 2.1411162025E9
109695.35  40 48 38.88481897223073 1 120 8 7.649424851593949 -1 2142.5
109805.1  40 48 40.943700135964605 1 120 35 36.86678287439236 -1 2153.5
109914.85  40 48 43.0027115236453 1 121 3 5.943611487539329 -1 2164.5
110024.6  40 48 45.061652992522454 1 121 30 35.17094210340588 -1 2175.5
110134.34  40 48 47.11050979002323 1 121 58 4.2378195741787295 -1 2186.5
110244.08  40 48 49.16943246139283 1 122 25 33.314642294260466 -1 2197.5
110353.83  40 48 51.22854498529932 1 122 53 2.5419501550300083 -1 2208.5
110463.57  40 48 53.28751929006728 1 123 20 31.60889804944418 -1 2220.5
110573.32  40 48 55.33651875575572 1 123 48 0.8361670461465565 -1 2231.5
110683.06  40 48 57.395487828510454 1 124 15 29.9130525440944 -1 2242.5
110792.81  40 48 59.45438076223411 1 124 42 59.1303346464133 -1 2253.5
110902.55  40 49 1.5133381599247286 1 125 10 28.207194617721143 -1 2264.5
111012.3  40 49 3.572399089723035 1 125 37 57.43447170620357 -1 2275.5
111122.04000000001  40 49 5.621255837190233 1 126 5 26.50137647003703 -1 2287.5
111231.78  40 49 7.6802174088732045 1 126 32 55.57828665919715 -1 2298.5
111341.59  81 56 12.959782740122137 1 137 16 55.697207220432574 -1 3.81585495E7
2.147483647E7  90 0 0.0 -1 89 59 59.999999999232614 -1 2.1411162025E9
111890.33  82 26 8.644823826554102 1 143 13 40.66840303638173 -1 4.18445365E7
112000.08  82 30 38.36871816299663 1 144 37 39.991486919489034 -1 4.24035345E7
